<?xml version="1.0" encoding="UTF-8"?>
<testng-results skipped="0" failed="0" ignored="0" total="1" passed="1">
  <reporter-output>
  </reporter-output>
  <suite name="SeleniumTesting" duration-ms="20175" started-at="2018-12-02T18:10:05Z" finished-at="2018-12-02T18:10:25Z">
    <groups>
    </groups>
    <test name="testngTest" duration-ms="20175" started-at="2018-12-02T18:10:05Z" finished-at="2018-12-02T18:10:25Z">
      <class name="com.crm.qa.testcases.LoginTest">
        <test-method status="PASS" signature="setUp(java.lang.String)[pri:0, instance:com.crm.qa.testcases.LoginTest@24b1d79b]" name="setUp" is-config="true" duration-ms="4798" started-at="2018-12-02T18:10:05Z" finished-at="2018-12-02T18:10:09Z">
          <params>
            <param index="0">
              <value>
                <![CDATA[ie]]>
              </value>
            </param>
          </params>
          <reporter-output>
          </reporter-output>
        </test-method> <!-- setUp -->
        <test-method status="PASS" signature="basicTest()[pri:0, instance:com.crm.qa.testcases.LoginTest@24b1d79b]" name="basicTest" duration-ms="14781" started-at="2018-12-02T18:10:09Z" finished-at="2018-12-02T18:10:24Z">
          <reporter-output>
          </reporter-output>
        </test-method> <!-- basicTest -->
        <test-method status="PASS" signature="tearDown()[pri:0, instance:com.crm.qa.testcases.LoginTest@24b1d79b]" name="tearDown" is-config="true" duration-ms="567" started-at="2018-12-02T18:10:24Z" finished-at="2018-12-02T18:10:25Z">
          <reporter-output>
          </reporter-output>
        </test-method> <!-- tearDown -->
      </class> <!-- com.crm.qa.testcases.LoginTest -->
    </test> <!-- testngTest -->
  </suite> <!-- SeleniumTesting -->
</testng-results>
