<?xml version="1.0" encoding="UTF-8"?>
<testng-results skipped="0" failed="0" ignored="0" total="1" passed="1">
  <reporter-output>
  </reporter-output>
  <suite name="SeleniumTesting" duration-ms="23980" started-at="2018-12-03T18:06:59Z" finished-at="2018-12-03T18:07:23Z">
    <groups>
    </groups>
    <test name="testngTest" duration-ms="23980" started-at="2018-12-03T18:06:59Z" finished-at="2018-12-03T18:07:23Z">
      <class name="com.crm.qa.testcases.LoginTest">
        <test-method status="PASS" signature="setUp(java.lang.String)[pri:0, instance:com.crm.qa.testcases.LoginTest@24b1d79b]" name="setUp" is-config="true" duration-ms="14054" started-at="2018-12-03T18:06:59Z" finished-at="2018-12-03T18:07:13Z">
          <params>
            <param index="0">
              <value>
                <![CDATA[firefox]]>
              </value>
            </param>
          </params>
          <reporter-output>
          </reporter-output>
        </test-method> <!-- setUp -->
        <test-method status="PASS" signature="basicTest()[pri:0, instance:com.crm.qa.testcases.LoginTest@24b1d79b]" name="basicTest" duration-ms="8271" started-at="2018-12-03T18:07:13Z" finished-at="2018-12-03T18:07:21Z">
          <reporter-output>
          </reporter-output>
        </test-method> <!-- basicTest -->
        <test-method status="PASS" signature="tearDown()[pri:0, instance:com.crm.qa.testcases.LoginTest@24b1d79b]" name="tearDown" is-config="true" duration-ms="1628" started-at="2018-12-03T18:07:21Z" finished-at="2018-12-03T18:07:23Z">
          <reporter-output>
          </reporter-output>
        </test-method> <!-- tearDown -->
      </class> <!-- com.crm.qa.testcases.LoginTest -->
    </test> <!-- testngTest -->
  </suite> <!-- SeleniumTesting -->
</testng-results>
